<?xml version="1.0" encoding="UTF-8"?>
<testsuites name="20231110_143401" timestamp="2023-11-10T14:34:08" time="138.340" tests="36" errors="14">
  <testsuite id="1" name="ColumnSorting" package="ColumnSorting" hostname="ALIPL5337" timestamp="2023-11-10T14:34:12" time="132.614" tests="36" errors="14">
    <properties>
[...]
</properties>
    <testcase id="Navigate to Invoice" name="Navigate to Invoice" classname="Invoice_ColumnSorting" timestamp="2023-11-10T14:34:15" time="129.393">
      <failure type="failure found in test activity" message="1 of 2 FAILED. Check C:\projects\GNUKhata-UIAutomation\gkapp\tests\output\20231110_143401\ColumnSorting.20231110_143412.001.xlsx for execution result, C:\projects\GNUKhata-UIAutomation\gkapp\tests\output\20231110_143401\logs\nexial-20231110_143401.log for execution logs" />
      <system-out>Total : 2
Passed: 1
Failed: 1
Output: C:\projects\GNUKhata-UIAutomation\gkapp\tests\output\20231110_143401\ColumnSorting.20231110_143412.001.xlsx
Logs  : C:\projects\GNUKhata-UIAutomation\gkapp\tests\output\20231110_143401\logs\nexial-20231110_143401.log</system-out>
    </testcase>
    <testcase id="Verify Date Column on Invoice Page" name="Verify Date Column on Invoice Page" classname="Invoice_ColumnSorting" timestamp="2023-11-10T14:34:32" time="112.792">
      <failure type="failure found in test activity" message="12 of 24 FAILED. Check C:\projects\GNUKhata-UIAutomation\gkapp\tests\output\20231110_143401\ColumnSorting.20231110_143412.001.xlsx for execution result, C:\projects\GNUKhata-UIAutomation\gkapp\tests\output\20231110_143401\logs\nexial-20231110_143401.log for execution logs" />
      <system-out>Total : 24
Passed: 12
Failed: 12
Output: C:\projects\GNUKhata-UIAutomation\gkapp\tests\output\20231110_143401\ColumnSorting.20231110_143412.001.xlsx
Logs  : C:\projects\GNUKhata-UIAutomation\gkapp\tests\output\20231110_143401\logs\nexial-20231110_143401.log</system-out>
    </testcase>
    <testcase id="Login to GNU khata" name="Login to GNU khata" classname="Login" timestamp="2023-11-10T14:36:16" time="8.584">
      <failure type="failure found in test activity" message="1 of 10 FAILED. Check C:\projects\GNUKhata-UIAutomation\gkapp\tests\output\20231110_143401\ColumnSorting.20231110_143412.001.xlsx for execution result, C:\projects\GNUKhata-UIAutomation\gkapp\tests\output\20231110_143401\logs\nexial-20231110_143401.log for execution logs" />
      <system-out>Total : 10
Passed: 1
Failed: 1
Output: C:\projects\GNUKhata-UIAutomation\gkapp\tests\output\20231110_143401\ColumnSorting.20231110_143412.001.xlsx
Logs  : C:\projects\GNUKhata-UIAutomation\gkapp\tests\output\20231110_143401\logs\nexial-20231110_143401.log</system-out>
    </testcase>
  </testsuite>
</testsuites>
